<?xml version="1.0" encoding="UTF-8"?>
<!-- Generated by org.testng.reporters.JUnitReportReporter -->
<testsuite skipped="0" hostname="SUNNY-PC" name="com.qa.test.LoginTest" tests="3" failures="0" timestamp="20 Aug 2018 18:27:13 GMT" time="45.497" errors="0">
  <testcase name="crmLogoTest" time="10.652" classname="com.qa.test.LoginTest"/>
  <testcase name="validateLoginPageTitleTest" time="9.735" classname="com.qa.test.LoginTest"/>
  <testcase name="loginTest" time="25.110" classname="com.qa.test.LoginTest"/>
</testsuite> <!-- com.qa.test.LoginTest -->
